Traceback (most recent call last):
  File "/home/chscom/uw.chs87.com/passenger_wsgi.py", line 9, in <module>
    from main import app as application
  File "/home/chscom/uw.chs87.com/main.py", line 1, in <module>
    from fastapi import FastAPI
ImportError: No module named fastapi
Traceback (most recent call last):
  File "/home/chscom/uw.chs87.com/passenger_wsgi.py", line 9, in <module>
    from main import app as application
  File "/home/chscom/uw.chs87.com/main.py", line 1, in <module>
    from fastapi import FastAPI
ImportError: No module named fastapi
[UID:1169][3491173] Child process with pid: 3491186 was killed by signal: 15, core dump: 0
Traceback (most recent call last):
  File "/home/chscom/uw.chs87.com/passenger_wsgi.py", line 9, in <module>
    from main import app as application
  File "/home/chscom/uw.chs87.com/main.py", line 1, in <module>
    from fastapi import FastAPI
ImportError: No module named fastapi
[UID:1169][3491173] Child process with pid: 3491190 was killed by signal: 15, core dump: 0
Traceback (most recent call last):
  File "/home/chscom/uw.chs87.com/passenger_wsgi.py", line 9, in <module>
    from main import app as application
  File "/home/chscom/uw.chs87.com/main.py", line 1, in <module>
    from fastapi import FastAPI
ImportError: No module named fastapi
[UID:1169][3491173] Child process with pid: 3491193 was killed by signal: 15, core dump: 0
Traceback (most recent call last):
  File "/home/chscom/uw.chs87.com/passenger_wsgi.py", line 9, in <module>
    from main import app as application
  File "/home/chscom/uw.chs87.com/main.py", line 1, in <module>
    from fastapi import FastAPI
ModuleNotFoundError: No module named 'fastapi'
Traceback (most recent call last):
  File "/home/chscom/uw.chs87.com/passenger_wsgi.py", line 9, in <module>
    from main import app as application
  File "/home/chscom/uw.chs87.com/main.py", line 1, in <module>
    from fastapi import FastAPI
ModuleNotFoundError: No module named 'fastapi'
[UID:1169][3498168] Child process with pid: 3498181 was killed by signal: 15, core dumped: no
Traceback (most recent call last):
  File "/home/chscom/uw.chs87.com/passenger_wsgi.py", line 9, in <module>
    from main import app as application
  File "/home/chscom/uw.chs87.com/main.py", line 1, in <module>
    from fastapi import FastAPI
ModuleNotFoundError: No module named 'fastapi'
Traceback (most recent call last):
  File "/home/chscom/uw.chs87.com/passenger_wsgi.py", line 9, in <module>
    from main import app as application
  File "/home/chscom/uw.chs87.com/main.py", line 1, in <module>
    from fastapi import FastAPI
ModuleNotFoundError: No module named 'fastapi'
[UID:1169][3502352] Child process with pid: 3502369 was killed by signal: 15, core dumped: no
Traceback (most recent call last):
  File "/home/chscom/uw.chs87.com/passenger_wsgi.py", line 9, in <module>
    from main import app as application
  File "/home/chscom/uw.chs87.com/main.py", line 1, in <module>
    from fastapi import FastAPI
ModuleNotFoundError: No module named 'fastapi'
Traceback (most recent call last):
  File "/home/chscom/uw.chs87.com/passenger_wsgi.py", line 9, in <module>
    from main import app as application
  File "/home/chscom/uw.chs87.com/main.py", line 1, in <module>
    from fastapi import FastAPI
ModuleNotFoundError: No module named 'fastapi'
[UID:1169][3502357] Child process with pid: 3502378 was killed by signal: 15, core dumped: no
Traceback (most recent call last):
  File "/home/chscom/uw.chs87.com/passenger_wsgi.py", line 9, in <module>
    from main import app as application
  File "/home/chscom/uw.chs87.com/main.py", line 1, in <module>
    from fastapi import FastAPI
ModuleNotFoundError: No module named 'fastapi'
[UID:1169][3502357] Child process with pid: 3502644 was killed by signal: 15, core dumped: no
[ERROR] [UID:1169][3502814] wsgiHandler pApp->start_response() return NULL.
TypeError: FastAPI.__call__() missing 1 required positional argument: 'send'
[ERROR] [UID:1169][3502814] wsgiHandler pApp->start_response() return NULL.
TypeError: FastAPI.__call__() missing 1 required positional argument: 'send'
[ERROR] [UID:1169][3502814] wsgiHandler pApp->start_response() return NULL.
TypeError: FastAPI.__call__() missing 1 required positional argument: 'send'
[ERROR] [UID:1169][3503900] wsgiAppHandler pApp->start_response() return NULL.
TypeError: FastAPI.__call__() missing 1 required positional argument: 'send'
[ERROR] [UID:1169][3503900] wsgiAppHandler pApp->start_response() return NULL.
TypeError: FastAPI.__call__() missing 1 required positional argument: 'send'
[ERROR] [UID:1169][3507020] wsgiAppHandler pApp->start_response() return NULL.
TypeError: FastAPI.__call__() missing 1 required positional argument: 'send'
[ERROR] [UID:1169][3507020] wsgiAppHandler pApp->start_response() return NULL.
TypeError: FastAPI.__call__() missing 1 required positional argument: 'send'
[ERROR] [UID:1169][3510060] wsgiAppHandler pApp->start_response() return NULL.
TypeError: FastAPI.__call__() missing 1 required positional argument: 'send'
[ERROR] [UID:1169][3510060] wsgiAppHandler pApp->start_response() return NULL.
TypeError: FastAPI.__call__() missing 1 required positional argument: 'send'
[ERROR] [UID:1169][3510060] wsgiAppHandler pApp->start_response() return NULL.
TypeError: FastAPI.__call__() missing 1 required positional argument: 'send'
[ERROR] [UID:1169][3510060] wsgiAppHandler pApp->start_response() return NULL.
TypeError: FastAPI.__call__() missing 1 required positional argument: 'send'
[ERROR] [UID:1169][3510060] wsgiAppHandler pApp->start_response() return NULL.
TypeError: FastAPI.__call__() missing 1 required positional argument: 'send'
[ERROR] [UID:1169][3510060] wsgiAppHandler pApp->start_response() return NULL.
TypeError: FastAPI.__call__() missing 1 required positional argument: 'send'
Traceback (most recent call last):
  File "/home/chscom/uw.chs87.com/passenger_wsgi.py", line 9, in <module>
    from main import app as application
  File "/home/chscom/uw.chs87.com/main.py", line 1, in <module>
    import uvicorn
ModuleNotFoundError: No module named 'uvicorn'
Traceback (most recent call last):
  File "/home/chscom/uw.chs87.com/passenger_wsgi.py", line 9, in <module>
    from main import app as application
  File "/home/chscom/uw.chs87.com/main.py", line 1, in <module>
    import uvicorn
ModuleNotFoundError: No module named 'uvicorn'
[UID:1169][3513018] Child process with pid: 3513027 was killed by signal: 15, core dumped: no
[ERROR] [UID:1169][3513238] wsgiHandler pApp->start_response() return NULL.
TypeError: FastAPI.__call__() missing 1 required positional argument: 'send'
[ERROR] [UID:1169][3513238] wsgiHandler pApp->start_response() return NULL.
TypeError: FastAPI.__call__() missing 1 required positional argument: 'send'
[ERROR] [UID:1169][3513238] wsgiHandler pApp->start_response() return NULL.
TypeError: FastAPI.__call__() missing 1 required positional argument: 'send'
[ERROR] [UID:1169][3510060] wsgiAppHandler pApp->start_response() return NULL.
TypeError: FastAPI.__call__() missing 1 required positional argument: 'send'
[ERROR] [UID:1169][3510060] wsgiAppHandler pApp->start_response() return NULL.
TypeError: FastAPI.__call__() missing 1 required positional argument: 'send'
[ERROR] [UID:1169][3510060] wsgiAppHandler pApp->start_response() return NULL.
TypeError: FastAPI.__call__() missing 1 required positional argument: 'send'
[ERROR] [UID:1169][3514091] wsgiAppHandler pApp->start_response() return NULL.
TypeError: FastAPI.__call__() missing 1 required positional argument: 'send'
[ERROR] [UID:1169][3529133] wsgiAppHandler pApp->start_response() return NULL.
TypeError: FastAPI.__call__() missing 1 required positional argument: 'send'
[ERROR] [UID:1169][3529133] wsgiAppHandler pApp->start_response() return NULL.
TypeError: FastAPI.__call__() missing 1 required positional argument: 'send'
[ERROR] [UID:1169][3529133] wsgiAppHandler pApp->start_response() return NULL.
TypeError: FastAPI.__call__() missing 1 required positional argument: 'send'
[ERROR] [UID:1169][3529133] wsgiAppHandler pApp->start_response() return NULL.
TypeError: FastAPI.__call__() missing 1 required positional argument: 'send'
